EDA Netlist Writer report for processor
Tue Aug 13 20:47:59 2024
Quartus II 32-bit Version 13.0.1 Build 232 06/12/2013 Service Pack 1 SJ Web Edition


---------------------
; Table of Contents ;
---------------------
  1. Legal Notice
  2. EDA Netlist Writer Summary
  3. EDA Netlist Writer Messages



----------------
; Legal Notice ;
----------------
Copyright (C) 1991-2013 Altera Corporation
Your use of Altera Corporation's design tools, logic functions 
and other software and tools, and its AMPP partner logic 
functions, and any output files from any of the foregoing 
(including device programming or simulation files), and any 
associated documentation or information are expressly subject 
to the terms and conditions of the Altera Program License 
Subscription Agreement, Altera MegaCore Function License 
Agreement, or other applicable license agreement, including, 
without limitation, that your use is for the sole purpose of 
programming logic devices manufactured by Altera and sold by 
Altera or its authorized distributors.  Please refer to the 
applicable agreement for further details.



+---------------------------------------------------------------+
; EDA Netlist Writer Summary                                    ;
+---------------------------+-----------------------------------+
; EDA Netlist Writer Status ; Failed - Tue Aug 13 20:47:59 2024 ;
; Revision Name             ; processor                         ;
; Top-level Entity Name     ; processor                         ;
; Family                    ; Cyclone II                        ;
+---------------------------+-----------------------------------+


+-----------------------------+
; EDA Netlist Writer Messages ;
+-----------------------------+
Info: *******************************************************************
Info: Running Quartus II 32-bit EDA Netlist Writer
    Info: Version 13.0.1 Build 232 06/12/2013 Service Pack 1 SJ Web Edition
    Info: Processing started: Tue Aug 13 20:47:58 2024
Info: Command: quartus_eda --gen_testbench --check_outputs=on --tool=modelsim_oem --format=verilog processor -c processor --vector_source=C:/Users/gusta/Downloads/processor_definitivo1/processor_definitivo/processor_definitivo/Waveform2.vwf --testbench_file=./simulation/qsim/processor.vt
Error (199014): Vector source file C:/Users/gusta/Downloads/processor_definitivo1/processor_definitivo/processor_definitivo/Waveform2.vwf specified with --testbench_vector_input_file option does not exist
Error: Quartus II 32-bit EDA Netlist Writer was unsuccessful. 1 error, 0 warnings
    Error: Peak virtual memory: 320 megabytes
    Error: Processing ended: Tue Aug 13 20:47:59 2024
    Error: Elapsed time: 00:00:01
    Error: Total CPU time (on all processors): 00:00:00


